
/home/runner/work/exp-prediction-interval-iitb/exp-prediction-interval-iitb/experiment/simulation/common_libraries/js/ts_components/collapse_step.js
   1:10  warning  'show_step' is defined but never used                 no-unused-vars
   2:5   warning  '$' is not defined                                    no-undef
   3:9   warning  '$' is not defined                                    no-undef
   6:10  warning  'hide_step' is defined but never used                 no-unused-vars
   7:5   warning  '$' is not defined                                    no-undef
   8:9   warning  '$' is not defined                                    no-undef
  11:10  warning  'get_collapse_btn_text' is defined but never used     no-unused-vars
  20:10  warning  'get_collapse_btn_element' is defined but never used  no-unused-vars
  29:10  warning  'hide_all_steps' is defined but never used            no-unused-vars
  31:9   warning  '$' is not defined                                    no-undef

/home/runner/work/exp-prediction-interval-iitb/exp-prediction-interval-iitb/experiment/simulation/common_libraries/js/ts_components/matrix.js
   27:26  warning  'MathJax' is not defined                                no-undef
   32:7   warning  'Matrix_Without_String' is defined but never used       no-unused-vars
   52:26  warning  'MathJax' is not defined                                no-undef
   56:10  warning  'get_matrix_html' is defined but never used             no-unused-vars
   87:13  warning  'row_html' is assigned a value but never used           no-unused-vars
   99:10  warning  'get_matrix_html_with_title' is defined but never used  no-unused-vars
  131:13  warning  'row_html' is assigned a value but never used           no-unused-vars
  143:10  warning  'convert_2d_to_1d_vector' is defined but never used     no-unused-vars
  156:10  warning  'convert_1d_to_2d_matrix' is defined but never used     no-unused-vars

/home/runner/work/exp-prediction-interval-iitb/exp-prediction-interval-iitb/experiment/simulation/common_libraries/js/ts_components/pannel.js
  8:7  warning  'Pannel' is defined but never used  no-unused-vars

/home/runner/work/exp-prediction-interval-iitb/exp-prediction-interval-iitb/experiment/simulation/common_libraries/js/ts_components/questions.js
   6:17  warning  'op1' is assigned a value but never used      no-unused-vars
   7:17  warning  'op2' is assigned a value but never used      no-unused-vars
   8:17  warning  'op3' is assigned a value but never used      no-unused-vars
   9:17  warning  'op4' is assigned a value but never used      no-unused-vars
  94:7   warning  'Question_Options' is defined but never used  no-unused-vars

/home/runner/work/exp-prediction-interval-iitb/exp-prediction-interval-iitb/experiment/simulation/common_libraries/js/ts_components/tables.js
   19:22  warning  'verify_values' is not defined                                     no-undef
  137:22  warning  'verify_values' is not defined                                     no-undef
  260:7   warning  'Verify_Rows_Cols_6_decimal_places' is defined but never used      no-unused-vars
  311:22  warning  'verify_values' is not defined                                     no-undef
  416:7   warning  'Verify_Rows_Cols_Custom_Fixed_Update1' is defined but never used  no-unused-vars
  468:7   warning  'Show_Table_Custom_Fixed' is defined but never used                no-unused-vars
  506:7   warning  'Verify_Rows_Cols_Strings' is defined but never used               no-unused-vars
  527:22  warning  'verify_values' is not defined                                     no-undef
  663:7   warning  'Display_Table' is defined but never used                          no-unused-vars

/home/runner/work/exp-prediction-interval-iitb/exp-prediction-interval-iitb/experiment/simulation/common_libraries/js/ts_math_library/general_math_functions.js
    1:10  warning  'verify_values' is defined but never used                   no-unused-vars
   17:10  warning  'random1' is defined but never used                         no-unused-vars
   21:10  warning  'std_deviation' is defined but never used                   no-unused-vars
   26:10  warning  'gauss' is defined but never used                           no-unused-vars
   56:10  warning  'hide_panel' is defined but never used                      no-unused-vars
   63:10  warning  'inverse_matrix' is defined but never used                  no-unused-vars
   96:10  warning  'matrix_multiplication' is defined but never used           no-unused-vars
  113:10  warning  'transpose_matrix' is defined but never used                no-unused-vars
  123:10  warning  'matrix_multiplication_8decimal' is defined but never used  no-unused-vars
  140:10  warning  'adjoint_2x2_matrix' is defined but never used              no-unused-vars
  145:10  warning  'find_deteminant' is defined but never used                 no-unused-vars
  174:10  warning  'get_Submatrix' is defined but never used                   no-unused-vars

/home/runner/work/exp-prediction-interval-iitb/exp-prediction-interval-iitb/experiment/simulation/common_libraries/js/ts_math_library/regression.js
   1:10  warning  'regression_linear' is defined but never used            no-unused-vars
  18:10  warning  'regression_linear_1variable' is defined but never used  no-unused-vars
  27:10  warning  'regression_linear_2variable' is defined but never used  no-unused-vars
  52:11  warning  'gauss' is not defined                                   no-undef

/home/runner/work/exp-prediction-interval-iitb/exp-prediction-interval-iitb/experiment/simulation/common_libraries/math.ob.js
  1:745  warning  'b' is already defined  no-redeclare

/home/runner/work/exp-prediction-interval-iitb/exp-prediction-interval-iitb/experiment/simulation/js/activity1.js
   28:10  warning  'show_act1' is defined but never used                no-unused-vars
   44:10  warning  'start_act1' is defined but never used               no-unused-vars
   47:20  warning  'get_collapse_btn_text' is not defined               no-undef
   76:5   warning  'hide_all_steps' is not defined                      no-undef
   77:5   warning  'show_step' is not defined                           no-undef
  100:10  warning  'set_n' is defined but never used                    no-unused-vars
  105:9   warning  'N' is not defined                                   no-undef
  110:9   warning  'N' is not defined                                   no-undef
  117:10  warning  'internal_calculations_1' is defined but never used  no-unused-vars
  121:28  warning  'N' is not defined                                   no-undef
  125:5   warning  'beta0' is not defined                               no-undef
  126:5   warning  'beta1' is not defined                               no-undef
  127:30  warning  'beta0' is not defined                               no-undef
  127:50  warning  'beta1' is not defined                               no-undef
  128:5   warning  'Y2' is not defined                                  no-undef
  130:25  warning  'X' is not defined                                   no-undef
  131:9   warning  'Y2' is not defined                                  no-undef
  131:17  warning  'beta0' is not defined                               no-undef
  131:26  warning  'beta1' is not defined                               no-undef
  131:34  warning  'X' is not defined                                   no-undef
  133:17  warning  'Y2' is not defined                                  no-undef
  137:22  warning  'Y2' is not defined                                  no-undef
  138:5   warning  'Y' is not defined                                   no-undef
  139:25  warning  'Y2' is not defined                                  no-undef
  140:9   warning  'Y' is not defined                                   no-undef
  140:16  warning  'Y2' is not defined                                  no-undef
  140:25  warning  'Y2' is not defined                                  no-undef
  140:42  warning  'epsilon' is not defined                             no-undef
  142:17  warning  'Y' is not defined                                   no-undef
  143:17  warning  'X' is not defined                                   no-undef
  144:17  warning  'Y2' is not defined                                  no-undef
  151:5   warning  'X' is not defined                                   no-undef
  152:25  warning  'N' is not defined                                   no-undef
  160:5   warning  'X' is not defined                                   no-undef
  161:17  warning  'X' is not defined                                   no-undef
  166:5   warning  'epsilon' is not defined                             no-undef
  167:25  warning  'N' is not defined                                   no-undef
  172:5   warning  'epsilon' is not defined                             no-undef
  202:25  warning  'Y' is not defined                                   no-undef
  203:21  warning  'X' is not defined                                   no-undef
  204:35  warning  'X' is not defined                                   no-undef
  205:35  warning  'Y' is not defined                                   no-undef

/home/runner/work/exp-prediction-interval-iitb/exp-prediction-interval-iitb/experiment/simulation/js/activity1_p1.js
   1:10   warning  'activity1_p1' is defined but never used  no-unused-vars
   6:19   warning  'get_collapse_btn_text' is not defined    no-undef
   7:5    warning  'maindiv' is not defined                  no-undef
  19:28   warning  'Updated_Question' is not defined         no-undef
  19:152  warning  'activity1_p2' is not defined             no-undef
  20:24   warning  'MathJax' is not defined                  no-undef
  21:5    warning  'hide_all_steps' is not defined           no-undef
  22:5    warning  'show_step' is not defined                no-undef

/home/runner/work/exp-prediction-interval-iitb/exp-prediction-interval-iitb/experiment/simulation/js/activity1_p2.js
   1:10  warning  'activity1_p2' is defined but never used      no-unused-vars
   2:19  warning  'get_collapse_btn_text' is not defined        no-undef
   3:5   warning  'maindiv' is not defined                      no-undef
   7:5   warning  'act1_table_data' is not defined              no-undef
   8:25  warning  'X' is not defined                            no-undef
   9:9   warning  'act1_table_data' is not defined              no-undef
   9:31  warning  'X' is not defined                            no-undef
   9:48  warning  'Y' is not defined                            no-undef
   9:66  warning  'X' is not defined                            no-undef
   9:73  warning  'X' is not defined                            no-undef
   9:91  warning  'X' is not defined                            no-undef
   9:98  warning  'Y' is not defined                            no-undef
  12:15  warning  'X' is not defined                            no-undef
  12:22  warning  'X' is not defined                            no-undef
  12:28  warning  'X' is not defined                            no-undef
  12:35  warning  'Y' is not defined                            no-undef
  14:25  warning  'Verify_Table' is not defined                 no-undef
  14:46  warning  'act1_table_data' is not defined              no-undef
  18:5   warning  'hide_all_steps' is not defined               no-undef
  19:5   warning  'show_step' is not defined                    no-undef
  41:24  warning  'MathJax' is not defined                      no-undef
  43:10  warning  'verify_summation' is defined but never used  no-unused-vars
  53:5   warning  'sum_X' is not defined                        no-undef
  54:5   warning  'sum_Y' is not defined                        no-undef
  55:5   warning  'sum_XX' is not defined                       no-undef
  56:5   warning  'sum_XY' is not defined                       no-undef
  57:25  warning  'act1_table_data' is not defined              no-undef
  58:9   warning  'sum_X' is not defined                        no-undef
  58:18  warning  'act1_table_data' is not defined              no-undef
  59:9   warning  'sum_Y' is not defined                        no-undef
  59:18  warning  'act1_table_data' is not defined              no-undef
  60:9   warning  'sum_XX' is not defined                       no-undef
  60:19  warning  'act1_table_data' is not defined              no-undef
  61:9   warning  'sum_XY' is not defined                       no-undef
  61:19  warning  'act1_table_data' is not defined              no-undef
  63:17  warning  'sum_X' is not defined                        no-undef
  63:24  warning  'sum_Y' is not defined                        no-undef
  63:31  warning  'sum_XX' is not defined                       no-undef
  63:39  warning  'sum_XY' is not defined                       no-undef
  65:10  warning  'verify_values' is not defined                no-undef
  65:48  warning  'sum_X' is not defined                        no-undef
  69:10  warning  'verify_values' is not defined                no-undef
  69:48  warning  'sum_Y' is not defined                        no-undef
  73:10  warning  'verify_values' is not defined                no-undef
  73:48  warning  'sum_XX' is not defined                       no-undef
  77:10  warning  'verify_values' is not defined                no-undef
  77:48  warning  'sum_XY' is not defined                       no-undef
  87:22  warning  'sum_X' is not defined                        no-undef
  88:22  warning  'sum_Y' is not defined                        no-undef
  89:22  warning  'sum_XX' is not defined                       no-undef
  90:22  warning  'sum_XY' is not defined                       no-undef
  91:5   warning  'activity1_p3' is not defined                 no-undef

/home/runner/work/exp-prediction-interval-iitb/exp-prediction-interval-iitb/experiment/simulation/js/activity1_p3.js
    1:10   warning  'activity1_p3' is defined but never used  no-unused-vars
    2:20   warning  'get_collapse_btn_text' is not defined    no-undef
    3:5    warning  'maindiv' is not defined                  no-undef
    8:49   warning  'sum_X' is not defined                    no-undef
    8:79   warning  'sum_Y' is not defined                    no-undef
    8:111  warning  'sum_XX' is not defined                   no-undef
    8:143  warning  'sum_XY' is not defined                   no-undef
   94:5    warning  'mat_A' is not defined                    no-undef
   94:19   warning  'sum_XX' is not defined                   no-undef
   95:17   warning  'mat_A' is not defined                    no-undef
   96:5    warning  'mat_A' is not defined                    no-undef
   96:19   warning  'sum_X' is not defined                    no-undef
   97:17   warning  'mat_A' is not defined                    no-undef
   98:5    warning  'mat_A' is not defined                    no-undef
   98:19   warning  'sum_X' is not defined                    no-undef
   99:17   warning  'mat_A' is not defined                    no-undef
  100:5    warning  'mat_A' is not defined                    no-undef
  100:19   warning  'N' is not defined                        no-undef
  101:17   warning  'mat_A' is not defined                    no-undef
  104:5    warning  'mat_B' is not defined                    no-undef
  104:16   warning  'sum_XY' is not defined                   no-undef
  105:5    warning  'mat_B' is not defined                    no-undef
  105:16   warning  'sum_Y' is not defined                    no-undef
  107:17   warning  'mat_A' is not defined                    no-undef
  108:17   warning  'mat_B' is not defined                    no-undef
  110:15   warning  'mat_A' is not defined                    no-undef
  110:28   warning  'mat_A' is not defined                    no-undef
  110:43   warning  'mat_A' is not defined                    no-undef
  110:56   warning  'mat_A' is not defined                    no-undef
  111:14   warning  'mat_B' is not defined                    no-undef
  111:24   warning  'mat_B' is not defined                    no-undef
  113:24   warning  'MathJax' is not defined                  no-undef
  114:5    warning  'hide_all_steps' is not defined           no-undef
  115:5    warning  'show_step' is not defined                no-undef
  118:5    warning  'mat_x' is not defined                    no-undef
  118:13   warning  'gauss' is not defined                    no-undef
  119:24   warning  'mat_x' is not defined                    no-undef
  119:41   warning  'mat_x' is not defined                    no-undef
  121:10   warning  'verify_a_b' is defined but never used    no-unused-vars
  127:10   warning  'verify_values' is not defined            no-undef
  127:48   warning  'mat_x' is not defined                    no-undef
  131:10   warning  'verify_values' is not defined            no-undef
  131:48   warning  'mat_x' is not defined                    no-undef
  141:5    warning  'activity1_p4' is not defined             no-undef

/home/runner/work/exp-prediction-interval-iitb/exp-prediction-interval-iitb/experiment/simulation/js/activity1_p4.js
    1:10   warning  'activity1_p4' is defined but never used        no-unused-vars
    2:20   warning  'get_collapse_btn_text' is not defined          no-undef
    3:5    warning  'maindiv' is not defined                        no-undef
    8:18   warning  'mat_x' is not defined                          no-undef
    8:49   warning  'mat_x' is not defined                          no-undef
   43:24   warning  'MathJax' is not defined                        no-undef
   44:5    warning  'hide_all_steps' is not defined                 no-undef
   45:5    warning  'show_step' is not defined                      no-undef
   47:10   warning  'verify_avg' is defined but never used          no-unused-vars
   53:5    warning  'X_avg' is not defined                          no-undef
   54:5    warning  'Y_avg' is not defined                          no-undef
   55:25   warning  'X' is not defined                              no-undef
   56:9    warning  'X_avg' is not defined                          no-undef
   56:18   warning  'X' is not defined                              no-undef
   57:9    warning  'Y_avg' is not defined                          no-undef
   57:18   warning  'Y' is not defined                              no-undef
   59:5    warning  'X_avg' is not defined                          no-undef
   59:13   warning  'X_avg' is not defined                          no-undef
   59:21   warning  'X' is not defined                              no-undef
   60:5    warning  'Y_avg' is not defined                          no-undef
   60:13   warning  'Y_avg' is not defined                          no-undef
   60:21   warning  'Y' is not defined                              no-undef
   61:27   warning  'X_avg' is not defined                          no-undef
   61:47   warning  'Y_avg' is not defined                          no-undef
   62:10   warning  'verify_values' is not defined                  no-undef
   62:48   warning  'X_avg' is not defined                          no-undef
   66:10   warning  'verify_values' is not defined                  no-undef
   66:48   warning  'Y_avg' is not defined                          no-undef
   91:5    warning  'act1_table_data_2' is not defined              no-undef
   92:25   warning  'X' is not defined                              no-undef
   93:9    warning  'act1_table_data_2' is not defined              no-undef
   94:13   warning  'X' is not defined                              no-undef
   95:24   warning  'Y' is not defined                              no-undef
   96:25   warning  'X' is not defined                              no-undef
   96:32   warning  'X_avg' is not defined                          no-undef
   97:35   warning  'X' is not defined                              no-undef
   97:42   warning  'X_avg' is not defined                          no-undef
   98:25   warning  'Y' is not defined                              no-undef
   98:32   warning  'Y_avg' is not defined                          no-undef
   99:35   warning  'Y' is not defined                              no-undef
   99:42   warning  'Y_avg' is not defined                          no-undef
  100:26   warning  'Y' is not defined                              no-undef
  100:33   warning  'Y_avg' is not defined                          no-undef
  100:43   warning  'X' is not defined                              no-undef
  100:50   warning  'X_avg' is not defined                          no-undef
  101:25   warning  'mat_x' is not defined                          no-undef
  101:37   warning  'mat_x' is not defined                          no-undef
  101:48   warning  'X' is not defined                              no-undef
  102:35   warning  'Y' is not defined                              no-undef
  102:43   warning  'mat_x' is not defined                          no-undef
  102:55   warning  'mat_x' is not defined                          no-undef
  102:66   warning  'X' is not defined                              no-undef
  106:15   warning  'act1_table_data_2' is not defined              no-undef
  106:40   warning  'act1_table_data_2' is not defined              no-undef
  106:65   warning  'act1_table_data_2' is not defined              no-undef
  106:90   warning  'act1_table_data_2' is not defined              no-undef
  106:115  warning  'act1_table_data_2' is not defined              no-undef
  106:140  warning  'act1_table_data_2' is not defined              no-undef
  106:165  warning  'act1_table_data_2' is not defined              no-undef
  107:25   warning  'Verify_Table' is not defined                   no-undef
  107:46   warning  'act1_table_data_2' is not defined              no-undef
  109:24   warning  'MathJax' is not defined                        no-undef
  156:24   warning  'MathJax' is not defined                        no-undef
  158:10   warning  'verify_sm' is defined but never used           no-unused-vars
  166:9    warning  'dsp_xx' is assigned a value but never used     no-unused-vars
  167:9    warning  'dsp_yy' is assigned a value but never used     no-unused-vars
  168:9    warning  'dsp_xy' is assigned a value but never used     no-unused-vars
  169:9    warning  'dsp_ssr' is assigned a value but never used    no-unused-vars
  170:9    warning  'dsp_smres' is assigned a value but never used  no-unused-vars
  171:5    warning  'sxx' is not defined                            no-undef
  172:5    warning  'syy' is not defined                            no-undef
  173:5    warning  'sxy' is not defined                            no-undef
  174:5    warning  'ssr' is not defined                            no-undef
  175:5    warning  'smres' is not defined                          no-undef
  176:25   warning  'act1_table_data_2' is not defined              no-undef
  177:9    warning  'sxx' is not defined                            no-undef
  177:16   warning  'act1_table_data_2' is not defined              no-undef
  178:9    warning  'syy' is not defined                            no-undef
  178:16   warning  'act1_table_data_2' is not defined              no-undef
  179:9    warning  'sxy' is not defined                            no-undef
  179:16   warning  'act1_table_data_2' is not defined              no-undef
  179:42   warning  'act1_table_data_2' is not defined              no-undef
  180:9    warning  'ssr' is not defined                            no-undef
  180:16   warning  'act1_table_data_2' is not defined              no-undef
  182:5    warning  'smres' is not defined                          no-undef
  182:13   warning  'ssr' is not defined                            no-undef
  182:20   warning  'act1_table_data_2' is not defined              no-undef
  183:17   warning  'sxx' is not defined                            no-undef
  183:22   warning  'syy' is not defined                            no-undef
  183:27   warning  'sxy' is not defined                            no-undef
  183:32   warning  'ssr' is not defined                            no-undef
  183:37   warning  'smres' is not defined                          no-undef
  184:10   warning  'verify_values' is not defined                  no-undef
  184:48   warning  'sxx' is not defined                            no-undef
  188:10   warning  'verify_values' is not defined                  no-undef
  188:48   warning  'syy' is not defined                            no-undef
  192:10   warning  'verify_values' is not defined                  no-undef
  192:48   warning  'sxy' is not defined                            no-undef
  196:10   warning  'verify_values' is not defined                  no-undef
  196:48   warning  'ssr' is not defined                            no-undef
  200:10   warning  'verify_values' is not defined                  no-undef
  200:48   warning  'smres' is not defined                          no-undef
  227:5    warning  'activity1_p6_5' is not defined                 no-undef

/home/runner/work/exp-prediction-interval-iitb/exp-prediction-interval-iitb/experiment/simulation/js/activity1_p6_5.js
    1:10  warning  'activity1_p6_5' is defined but never used  no-unused-vars
    3:15  warning  'get_collapse_btn_element' is not defined   no-undef
   84:5   warning  'maindiv' is not defined                    no-undef
   85:5   warning  'maindiv' is not defined                    no-undef
   87:9   warning  'MathJax' is not defined                    no-undef
   92:29  warning  'alpha_dd_options' is not defined           no-undef
   93:33  warning  'alpha_dd_options' is not defined           no-undef
   93:65  warning  'alpha_dd_options' is not defined           no-undef
   97:5   warning  'hide_all_steps' is not defined             no-undef
   98:5   warning  'show_step' is not defined                  no-undef
  101:10  warning  'set_alpha' is defined but never used       no-unused-vars
  106:9   warning  'alpha' is not defined                      no-undef
  109:51  warning  'alpha' is not defined                      no-undef
  110:9   warning  'activity1_p7' is not defined               no-undef
  114:9   warning  'alpha' is not defined                      no-undef

/home/runner/work/exp-prediction-interval-iitb/exp-prediction-interval-iitb/experiment/simulation/js/activity1_p7.js
    1:10   warning  'activity1_p7' is defined but never used   no-unused-vars
    6:20   warning  'get_collapse_btn_element' is not defined  no-undef
   12:169  warning  't_n_2' is not defined                     no-undef
   13:142  warning  'sxx' is not defined                       no-undef
   14:142  warning  'syy' is not defined                       no-undef
   45:5    warning  'maindiv' is not defined                   no-undef
   46:5    warning  'maindiv' is not defined                   no-undef
   47:5    warning  'maindiv' is not defined                   no-undef
   49:5    warning  'hide_all_steps' is not defined            no-undef
   50:5    warning  'show_step' is not defined                 no-undef
   51:24   warning  'MathJax' is not defined                   no-undef
   55:25   warning  'N' is not defined                         no-undef
   55:34   warning  'ssr' is not defined                       no-undef
   55:42   warning  'N' is not defined                         no-undef
   55:47   warning  'N' is not defined                         no-undef
   55:58   warning  't_n_2' is not defined                     no-undef
   56:5    warning  'calculated_u' is not defined              no-undef
   56:21   warning  'mat_x' is not defined                     no-undef
   56:33   warning  'mat_x' is not defined                     no-undef
   56:44   warning  'X_avg' is not defined                     no-undef
   57:5    warning  'calculated_l' is not defined              no-undef
   57:21   warning  'mat_x' is not defined                     no-undef
   57:33   warning  'mat_x' is not defined                     no-undef
   57:44   warning  'X_avg' is not defined                     no-undef
   59:10   warning  'verify_ul' is defined but never used      no-unused-vars
   62:24   warning  'calculated_u' is not defined              no-undef
   62:47   warning  'calculated_l' is not defined              no-undef
   63:10   warning  'verify_values' is not defined             no-undef
   63:48   warning  'calculated_u' is not defined              no-undef
   67:10   warning  'verify_values' is not defined             no-undef
   67:48   warning  'calculated_l' is not defined              no-undef
   74:18   warning  'calculated_u' is not defined              no-undef
   75:18   warning  'calculated_l' is not defined              no-undef
   81:10   warning  'verify_range' is defined but never used   no-unused-vars
   84:24   warning  'calculated_u' is not defined              no-undef
   84:47   warning  'calculated_l' is not defined              no-undef
   85:10   warning  'verify_values' is not defined             no-undef
   85:48   warning  'calculated_u' is not defined              no-undef
   89:10   warning  'verify_values' is not defined             no-undef
   89:48   warning  'calculated_l' is not defined              no-undef
   96:18   warning  'calculated_u' is not defined              no-undef
   97:18   warning  'calculated_l' is not defined              no-undef
  100:5    warning  'activity2' is not defined                 no-undef

/home/runner/work/exp-prediction-interval-iitb/exp-prediction-interval-iitb/experiment/simulation/js/activity2.js
    1:10   warning  'activity2' is defined but never used      no-unused-vars
    2:5    warning  'maindiv' is not defined                   no-undef
   20:10   warning  'start_act2' is defined but never used     no-unused-vars
   23:20   warning  'get_collapse_btn_element' is not defined  no-undef
   31:62   warning  't_n_2' is not defined                     no-undef
   33:47   warning  'sxx' is not defined                       no-undef
   35:47   warning  'ssr' is not defined                       no-undef
   62:5    warning  'hide_all_steps' is not defined            no-undef
   63:5    warning  'maindiv' is not defined                   no-undef
   64:5    warning  'maindiv' is not defined                   no-undef
   65:5    warning  'maindiv' is not defined                   no-undef
   66:5    warning  'show_step' is not defined                 no-undef
   68:24   warning  'MathJax' is not defined                   no-undef
   71:10   warning  'verify_act2' is defined but never used    no-unused-vars
   75:24   warning  'act2_calculated_u' is not defined         no-undef
   75:53   warning  'act2_calculated_l' is not defined         no-undef
   76:10   warning  'verify_values' is not defined             no-undef
   76:48   warning  'act2_calculated_u' is not defined         no-undef
   80:10   warning  'verify_values' is not defined             no-undef
   80:48   warning  'act2_calculated_l' is not defined         no-undef
   91:5    warning  'act2_calculated_u' is not defined         no-undef
   91:26   warning  'mat_x' is not defined                     no-undef
   91:38   warning  'mat_x' is not defined                     no-undef
   91:49   warning  'X' is not defined                         no-undef
   91:51   warning  'X' is not defined                         no-undef
   91:82   warning  'N' is not defined                         no-undef
   91:91   warning  'N' is not defined                         no-undef
   91:98   warning  'X' is not defined                         no-undef
   91:100  warning  'X' is not defined                         no-undef
   91:116  warning  'X_avg' is not defined                     no-undef
   91:126  warning  'sxx' is not defined                       no-undef
   91:145  warning  'ssr' is not defined                       no-undef
   91:152  warning  'N' is not defined                         no-undef
   91:162  warning  't2_n_2' is not defined                    no-undef
   92:5    warning  'act2_calculated_l' is not defined         no-undef
   92:26   warning  'mat_x' is not defined                     no-undef
   92:38   warning  'mat_x' is not defined                     no-undef
   92:49   warning  'X' is not defined                         no-undef
   92:51   warning  'X' is not defined                         no-undef
   92:82   warning  'N' is not defined                         no-undef
   92:91   warning  'N' is not defined                         no-undef
   92:98   warning  'X' is not defined                         no-undef
   92:100  warning  'X' is not defined                         no-undef
   92:116  warning  'X_avg' is not defined                     no-undef
   92:126  warning  'sxx' is not defined                       no-undef
   92:145  warning  'ssr' is not defined                       no-undef
   92:152  warning  'N' is not defined                         no-undef
   92:162  warning  't2_n_2' is not defined                    no-undef
   94:10   warning  'verify_act2_2' is defined but never used  no-unused-vars
   98:24   warning  'act2_calculated_u' is not defined         no-undef
   98:53   warning  'act2_calculated_l' is not defined         no-undef
   99:10   warning  'verify_values' is not defined             no-undef
   99:48   warning  'act2_calculated_l' is not defined         no-undef
  103:10   warning  'verify_values' is not defined             no-undef
  103:48   warning  'act2_calculated_u' is not defined         no-undef

/home/runner/work/exp-prediction-interval-iitb/exp-prediction-interval-iitb/experiment/simulation/js/activity3.js
    1:10  warning  'activity3' is defined but never used       no-unused-vars
    2:5   warning  'maindiv' is not defined                    no-undef
   25:10  warning  'start_act3' is defined but never used      no-unused-vars
   28:20  warning  'get_collapse_btn_element' is not defined   no-undef
   63:5   warning  'hide_all_steps' is not defined             no-undef
   64:5   warning  'maindiv' is not defined                    no-undef
   65:5   warning  'maindiv' is not defined                    no-undef
   66:5   warning  'maindiv' is not defined                    no-undef
   68:5   warning  'show_step' is not defined                  no-undef
   70:9   warning  'MathJax' is not defined                    no-undef
   77:13  warning  'X' is not defined                          no-undef
   78:17  warning  'mat_x' is not defined                      no-undef
   78:29  warning  'mat_x' is not defined                      no-undef
   79:47  warning  'X_avg' is not defined                      no-undef
   79:56  warning  'sxx' is not defined                        no-undef
   79:75  warning  'ssr' is not defined                        no-undef
   79:93  warning  't2_n_2' is not defined                     no-undef
   80:18  warning  'mat_x' is not defined                      no-undef
   80:30  warning  'mat_x' is not defined                      no-undef
   81:48  warning  'X_avg' is not defined                      no-undef
   81:57  warning  'sxx' is not defined                        no-undef
   81:76  warning  'ssr' is not defined                        no-undef
   81:94  warning  't2_n_2' is not defined                     no-undef
   84:10  warning  'verify_a3_ver1' is defined but never used  no-unused-vars
   89:5   warning  'act3_i' is not defined                     no-undef
   89:26  warning  'X_avg' is not defined                      no-undef
   90:5   warning  'act3_i_max' is not defined                 no-undef
   90:42  warning  'X' is not defined                          no-undef
   91:30  warning  'act3_i' is not defined                     no-undef
   92:34  warning  'act3_i_max' is not defined                 no-undef
   94:10  warning  'verify_values' is not defined              no-undef
   94:24  warning  'act3_i' is not defined                     no-undef
   98:10  warning  'verify_values' is not defined              no-undef
   98:24  warning  'act3_i' is not defined                     no-undef
  102:10  warning  'verify_values' is not defined              no-undef
  102:24  warning  'act3_i_max' is not defined                 no-undef
  106:10  warning  'verify_values' is not defined              no-undef
  106:24  warning  'act3_i_max' is not defined                 no-undef
  120:10  warning  'verify_a3_ver2' is defined but never used  no-unused-vars
  123:5   warning  'length_i' is not defined                   no-undef
  123:16  warning  'act3_i' is not defined                     no-undef
  123:28  warning  'act3_i' is not defined                     no-undef
  124:5   warning  'length_i_max' is not defined               no-undef
  124:20  warning  'act3_i_max' is not defined                 no-undef
  124:36  warning  'act3_i_max' is not defined                 no-undef
  125:34  warning  'length_i' is not defined                   no-undef
  125:68  warning  'length_i_max' is not defined               no-undef
  126:10  warning  'verify_values' is not defined              no-undef
  126:24  warning  'length_i' is not defined                   no-undef
  130:10  warning  'verify_values' is not defined              no-undef
  130:24  warning  'length_i_max' is not defined               no-undef
  140:20  warning  'get_collapse_btn_element' is not defined   no-undef
  157:5   warning  'hide_all_steps' is not defined             no-undef
  158:5   warning  'maindiv' is not defined                    no-undef
  159:5   warning  'maindiv' is not defined                    no-undef
  160:5   warning  'maindiv' is not defined                    no-undef
  161:5   warning  'show_step' is not defined                  no-undef
  163:10  warning  'verify_a3_ver3' is defined but never used  no-unused-vars
  165:5   warning  'length_ratio' is not defined               no-undef
  165:20  warning  'length_i_max' is not defined               no-undef
  165:35  warning  'length_i' is not defined                   no-undef
  166:28  warning  'length_ratio' is not defined               no-undef
  167:10  warning  'verify_values' is not defined              no-undef
  167:24  warning  'length_ratio' is not defined               no-undef
  176:20  warning  'get_collapse_btn_element' is not defined   no-undef
  185:28  warning  'Updated_Question' is not defined           no-undef
  186:5   warning  'hide_all_steps' is not defined             no-undef
  187:5   warning  'maindiv' is not defined                    no-undef
  188:5   warning  'maindiv' is not defined                    no-undef
  189:5   warning  'maindiv' is not defined                    no-undef
  191:5   warning  'show_step' is not defined                  no-undef
  193:9   warning  'MathJax' is not defined                    no-undef
  198:5   warning  'hide_all_steps' is not defined             no-undef

/home/runner/work/exp-prediction-interval-iitb/exp-prediction-interval-iitb/experiment/simulation/js/data.js
     2:5  warning  'N' is assigned a value but never used                         no-unused-vars
     3:5  warning  'alpha_dd_options' is assigned a value but never used          no-unused-vars
     4:5  warning  'alpha' is assigned a value but never used                     no-unused-vars
    27:5  warning  'Y' is assigned a value but never used                         no-unused-vars
    49:5  warning  'beta0' is assigned a value but never used                     no-unused-vars
    50:5  warning  'beta1' is assigned a value but never used                     no-unused-vars
    51:5  warning  'Y2' is assigned a value but never used                        no-unused-vars
    73:5  warning  'epsilon' is assigned a value but never used                   no-unused-vars
    95:5  warning  'act1_table_data' is assigned a value but never used           no-unused-vars
   217:5  warning  'act1_table_data_2' is assigned a value but never used         no-unused-vars
   439:5  warning  'sum_X' is assigned a value but never used                     no-unused-vars
   440:5  warning  'sum_Y' is assigned a value but never used                     no-unused-vars
   441:5  warning  'sum_XX' is assigned a value but never used                    no-unused-vars
   442:5  warning  'sum_XY' is assigned a value but never used                    no-unused-vars
   443:5  warning  'mat_A' is assigned a value but never used                     no-unused-vars
   444:5  warning  'mat_x' is assigned a value but never used                     no-unused-vars
   445:5  warning  'mat_B' is assigned a value but never used                     no-unused-vars
   446:5  warning  'X_avg' is assigned a value but never used                     no-unused-vars
   447:5  warning  'Y_avg' is assigned a value but never used                     no-unused-vars
   449:5  warning  'sxx' is assigned a value but never used                       no-unused-vars
   450:5  warning  'syy' is assigned a value but never used                       no-unused-vars
   451:5  warning  'sxy' is assigned a value but never used                       no-unused-vars
   452:5  warning  'ssr' is assigned a value but never used                       no-unused-vars
   453:5  warning  'smres' is assigned a value but never used                     no-unused-vars
   454:5  warning  'r2' is assigned a value but never used                        no-unused-vars
   456:5  warning  'to' is assigned a value but never used                        no-unused-vars
   458:5  warning  'hypothesis_table' is assigned a value but never used          no-unused-vars
   471:5  warning  't_n_2' is assigned a value but never used                     no-unused-vars
   473:5  warning  'hypo_test_reject_op' is assigned a value but never used       no-unused-vars
   475:5  warning  'act2_N' is assigned a value but never used                    no-unused-vars
   476:5  warning  'act2_X' is assigned a value but never used                    no-unused-vars
   477:5  warning  'act2_beta0' is assigned a value but never used                no-unused-vars
   478:5  warning  'act2_beta1' is assigned a value but never used                no-unused-vars
   479:5  warning  'act2_Y2' is assigned a value but never used                   no-unused-vars
   501:5  warning  'act2_epsilon' is assigned a value but never used              no-unused-vars
   523:5  warning  'act2_Y' is assigned a value but never used                    no-unused-vars
   545:5  warning  'act2_all_data' is assigned a value but never used             no-unused-vars
   668:5  warning  'act2_sum_X' is assigned a value but never used                no-unused-vars
   669:5  warning  'act2_sum_Y' is assigned a value but never used                no-unused-vars
   670:5  warning  'act2_sum_X2' is assigned a value but never used               no-unused-vars
   671:5  warning  'act2_sum_XY' is assigned a value but never used               no-unused-vars
   673:5  warning  'act2_mat_A' is assigned a value but never used                no-unused-vars
   683:5  warning  'act2_mat_x' is assigned a value but never used                no-unused-vars
   687:5  warning  'act2_mat_B' is assigned a value but never used                no-unused-vars
   692:5  warning  'act2_X_avg' is assigned a value but never used                no-unused-vars
   693:5  warning  'act2_Y_avg' is assigned a value but never used                no-unused-vars
   695:5  warning  'act2_table_data_2' is assigned a value but never used         no-unused-vars
   917:5  warning  'act2_sxx' is assigned a value but never used                  no-unused-vars
   918:5  warning  'act2_syy' is assigned a value but never used                  no-unused-vars
   919:5  warning  'act2_sxy' is assigned a value but never used                  no-unused-vars
   920:5  warning  'act2_ssr' is assigned a value but never used                  no-unused-vars
   921:5  warning  'act2_smres' is assigned a value but never used                no-unused-vars
   922:5  warning  'act2_r2' is assigned a value but never used                   no-unused-vars
   923:5  warning  't1_0' is assigned a value but never used                      no-unused-vars
   924:5  warning  't1_n_2' is assigned a value but never used                    no-unused-vars
   925:5  warning  'alpha1' is assigned a value but never used                    no-unused-vars
   926:5  warning  'act2_hypo_test_reject_op' is assigned a value but never used  no-unused-vars
   928:5  warning  'act3_N' is assigned a value but never used                    no-unused-vars
   929:5  warning  'act3_X' is assigned a value but never used                    no-unused-vars
   951:5  warning  'act3_beta0' is assigned a value but never used                no-unused-vars
   952:5  warning  'act3_beta1' is assigned a value but never used                no-unused-vars
   953:5  warning  'act3_Y2' is assigned a value but never used                   no-unused-vars
   975:5  warning  'act3_epsilon' is assigned a value but never used              no-unused-vars
   997:5  warning  'act3_Y' is assigned a value but never used                    no-unused-vars
  1019:5  warning  'act3_all_data' is assigned a value but never used             no-unused-vars
  1142:5  warning  'act3_sum_X' is assigned a value but never used                no-unused-vars
  1143:5  warning  'act3_sum_Y' is assigned a value but never used                no-unused-vars
  1144:5  warning  'act3_sum_X2' is assigned a value but never used               no-unused-vars
  1145:5  warning  'act3_sum_XY' is assigned a value but never used               no-unused-vars
  1147:5  warning  'act3_mat_A' is assigned a value but never used                no-unused-vars
  1157:5  warning  'act3_mat_x' is assigned a value but never used                no-unused-vars
  1161:5  warning  'act3_mat_B' is assigned a value but never used                no-unused-vars
  1166:5  warning  'act3_X_avg' is assigned a value but never used                no-unused-vars
  1167:5  warning  'act3_Y_avg' is assigned a value but never used                no-unused-vars
  1169:5  warning  'act3_table_data_2' is assigned a value but never used         no-unused-vars
  1391:5  warning  'act3_sxx' is assigned a value but never used                  no-unused-vars
  1392:5  warning  'act3_syy' is assigned a value but never used                  no-unused-vars
  1393:5  warning  'act3_sxy' is assigned a value but never used                  no-unused-vars
  1394:5  warning  'act3_ssr' is assigned a value but never used                  no-unused-vars
  1395:5  warning  'act3_smres' is assigned a value but never used                no-unused-vars
  1396:5  warning  'act3_r2' is assigned a value but never used                   no-unused-vars
  1397:5  warning  't2_0' is assigned a value but never used                      no-unused-vars
  1398:5  warning  't2_n_2' is assigned a value but never used                    no-unused-vars
  1399:5  warning  'alpha2' is assigned a value but never used                    no-unused-vars
  1400:5  warning  'act3_hypo_test_reject_op' is assigned a value but never used  no-unused-vars
  1402:5  warning  'act4_t01' is assigned a value but never used                  no-unused-vars
  1403:5  warning  'act4_t02' is assigned a value but never used                  no-unused-vars
  1404:5  warning  'act4_t03' is assigned a value but never used                  no-unused-vars
  1405:5  warning  'alpha3' is assigned a value but never used                    no-unused-vars
  1406:5  warning  'act4_tn2' is assigned a value but never used                  no-unused-vars
  1407:5  warning  'chose_op1' is assigned a value but never used                 no-unused-vars
  1408:5  warning  'chose_op2' is assigned a value but never used                 no-unused-vars
  1409:5  warning  'chose_op3' is assigned a value but never used                 no-unused-vars
  1410:5  warning  'chose_op4' is assigned a value but never used                 no-unused-vars
  1411:5  warning  'calculated_u' is defined but never used                       no-unused-vars
  1412:5  warning  'calculated_l' is defined but never used                       no-unused-vars
  1413:5  warning  'act2_calculated_u' is defined but never used                  no-unused-vars
  1414:5  warning  'act2_calculated_l' is defined but never used                  no-unused-vars
  1416:5  warning  'act3_i' is assigned a value but never used                    no-unused-vars
  1417:5  warning  'act3_i_max' is assigned a value but never used                no-unused-vars
  1418:5  warning  'length_i' is assigned a value but never used                  no-unused-vars
  1419:5  warning  'length_i_max' is assigned a value but never used              no-unused-vars
  1420:5  warning  'length_ratio' is assigned a value but never used              no-unused-vars

/home/runner/work/exp-prediction-interval-iitb/exp-prediction-interval-iitb/experiment/simulation/js/screen_size.js
  1:10  warning  'set_screen_size' is defined but never used  no-unused-vars

✖ 590 problems (0 errors, 590 warnings)

